<?xml version="1.0" encoding="UTF-8"?>
<!-- Generated by org.testng.reporters.JUnitReportReporter -->
<testsuite name="com.maven.selenium.RestAssured.RestAPITest" tests="1" time="7.316" ignored="0" failures="0" timestamp="21 Nov 2017 09:13:22 GMT" skipped="0" hostname="Harinath-pc" errors="0">
  <testcase name="jsonQuery" time="7.316" classname="com.maven.selenium.RestAssured.RestAPITest"/>
</testsuite> <!-- com.maven.selenium.RestAssured.RestAPITest -->
