<?xml version="1.0" encoding="UTF-8"?>
<!-- Generated by org.testng.reporters.JUnitReportReporter -->
<testsuite name="com.maven.selenium.RestAssured.First" tests="1" time="7.919" ignored="0" failures="0" timestamp="25 Jul 2017 14:10:18 GMT" skipped="0" hostname="Harinath-pc" errors="0">
  <testcase name="jsonQuery" time="7.919" classname="com.maven.selenium.RestAssured.First"/>
</testsuite> <!-- com.maven.selenium.RestAssured.First -->
