<?xml version="1.0" encoding="UTF-8"?>
<!-- Generated by org.testng.reporters.JUnitReportReporter -->
<testsuite name="com.maven.selenium.RestAssured.GroovyClosure" tests="1" time="3.939" ignored="0" failures="0" timestamp="09 Nov 2017 12:09:05 GMT" skipped="0" hostname="Harinath-pc" errors="0">
  <testcase name="testGetSingleUserProgrammatic" time="3.939" classname="com.maven.selenium.RestAssured.GroovyClosure"/>
</testsuite> <!-- com.maven.selenium.RestAssured.GroovyClosure -->
