<?xml version="1.0" encoding="UTF-8"?>
<!-- Generated by org.testng.reporters.JUnitReportReporter -->
<testsuite name="com.maven.selenium.OpenChromeTest" tests="1" time="11.031" ignored="0" failures="0" timestamp="09 Jun 2017 06:18:28 GMT" skipped="0" hostname="Harinath-pc" errors="0">
  <testcase name="chrome" time="11.031" classname="com.maven.selenium.OpenChromeTest"/>
</testsuite> <!-- com.maven.selenium.OpenChromeTest -->
