<?xml version="1.0" encoding="UTF-8"?>
<!-- Generated by org.testng.reporters.JUnitReportReporter -->
<testsuite name="com.maven.selenium.PhantomJSTest" tests="1" time="10.770" ignored="0" failures="0" timestamp="25 Jul 2017 04:43:36 GMT" skipped="0" hostname="Harinath-pc" errors="0">
  <testcase name="login" time="10.770" classname="com.maven.selenium.PhantomJSTest"/>
</testsuite> <!-- com.maven.selenium.PhantomJSTest -->
