<?xml version="1.0" encoding="UTF-8"?>
<!-- Generated by org.testng.reporters.JUnitReportReporter -->
<testsuite name="testCase.LoginTest" tests="7" time="56.848" ignored="0" failures="0" timestamp="22 Nov 2017 05:05:40 GMT" skipped="0" hostname="Harinath-pc" errors="0">
  <testcase name="suceslogin" time="7.830" classname="testCase.LoginTest"/>
  <testcase name="suceslogin" time="6.739" classname="testCase.LoginTest"/>
  <testcase name="suceslogin" time="7.020" classname="testCase.LoginTest"/>
  <testcase name="suceslogin" time="8.016" classname="testCase.LoginTest"/>
  <testcase name="suceslogin" time="7.475" classname="testCase.LoginTest"/>
  <testcase name="suceslogin" time="7.300" classname="testCase.LoginTest"/>
  <testcase name="suceslogin" time="12.468" classname="testCase.LoginTest"/>
</testsuite> <!-- testCase.LoginTest -->
